# JRE version: Java(TM) SE Runtime Environment (8.0_152-b16) (build 1.8.0_152-b16)
# Java VM: Java HotSpot(TM) 64-Bit Server VM (25.152-b16 mixed mode linux-amd64 compressed oops)
Heap:
 PSYoungGen      total 472576K, used 313845K [0x00000000d5580000, 0x00000000f5200000, 0x0000000100000000)
  eden space 459264K, 66% used [0x00000000d5580000,0x00000000e7f12b90,0x00000000f1600000)
  from space 13312K, 68% used [0x00000000f4500000,0x00000000f4deaba0,0x00000000f5200000)
  to   space 30720K, 0% used [0x00000000f1600000,0x00000000f1600000,0x00000000f3400000)
 ParOldGen       total 94720K, used 74866K [0x0000000080000000, 0x0000000085c80000, 0x00000000d5580000)
  object space 94720K, 79% used [0x0000000080000000,0x000000008491cb48,0x0000000085c80000)
 Metaspace       used 88539K, capacity 97198K, committed 97280K, reserved 1132544K
  class space    used 10913K, capacity 13528K, committed 13568K, reserved 1048576K
GC Heap History (10 events):
Event: 19.291 GC heap before
{Heap before GC invocations=15 (full 3):
 PSYoungGen      total 214528K, used 212816K [0x00000000d5580000, 0x00000000e9800000, 0x0000000100000000)
  eden space 190976K, 100% used [0x00000000d5580000,0x00000000e1000000,0x00000000e1000000)
  from space 23552K, 92% used [0x00000000e1000000,0x00000000e2554358,0x00000000e2700000)
  to   space 26624K, 0% used [0x00000000e7e00000,0x00000000e7e00000,0x00000000e9800000)
 ParOldGen       total 94720K, used 41598K [0x0000000080000000, 0x0000000085c80000, 0x00000000d5580000)
  object space 94720K, 43% used [0x0000000080000000,0x000000008289f940,0x0000000085c80000)
 Metaspace       used 69949K, capacity 76314K, committed 76672K, reserved 1116160K
  class space    used 8604K, capacity 10580K, committed 10624K, reserved 1048576K
Event: 19.312 GC heap after
Heap after GC invocations=15 (full 3):
 PSYoungGen      total 291328K, used 14397K [0x00000000d5580000, 0x00000000e9200000, 0x0000000100000000)
  eden space 270848K, 0% used [0x00000000d5580000,0x00000000d5580000,0x00000000e5e00000)
  from space 20480K, 70% used [0x00000000e7e00000,0x00000000e8c0f660,0x00000000e9200000)
  to   space 26624K, 0% used [0x00000000e5e00000,0x00000000e5e00000,0x00000000e7800000)
 ParOldGen       total 94720K, used 54352K [0x0000000080000000, 0x0000000085c80000, 0x00000000d5580000)
  object space 94720K, 57% used [0x0000000080000000,0x0000000083514238,0x0000000085c80000)
 Metaspace       used 69949K, capacity 76314K, committed 76672K, reserved 1116160K
  class space    used 8604K, capacity 10580K, committed 10624K, reserved 1048576K
}
Event: 26.366 GC heap before
{Heap before GC invocations=16 (full 3):
 PSYoungGen      total 291328K, used 285245K [0x00000000d5580000, 0x00000000e9200000, 0x0000000100000000)
  eden space 270848K, 100% used [0x00000000d5580000,0x00000000e5e00000,0x00000000e5e00000)
  from space 20480K, 70% used [0x00000000e7e00000,0x00000000e8c0f660,0x00000000e9200000)
  to   space 26624K, 0% used [0x00000000e5e00000,0x00000000e5e00000,0x00000000e7800000)
 ParOldGen       total 94720K, used 54352K [0x0000000080000000, 0x0000000085c80000, 0x00000000d5580000)
  object space 94720K, 57% used [0x0000000080000000,0x0000000083514238,0x0000000085c80000)
 Metaspace       used 84432K, capacity 92726K, committed 92928K, reserved 1128448K
  class space    used 10510K, capacity 13040K, committed 13056K, reserved 1048576K
Event: 26.388 GC heap after
Heap after GC invocations=16 (full 3):
 PSYoungGen      total 297472K, used 26592K [0x00000000d5580000, 0x00000000f0480000, 0x0000000100000000)
  eden space 270848K, 0% used [0x00000000d5580000,0x00000000d5580000,0x00000000e5e00000)
  from space 26624K, 99% used [0x00000000e5e00000,0x00000000e77f8380,0x00000000e7800000)
  to   space 33280K, 0% used [0x00000000ee400000,0x00000000ee400000,0x00000000f0480000)
 ParOldGen       total 94720K, used 60917K [0x0000000080000000, 0x0000000085c80000, 0x00000000d5580000)
  object space 94720K, 64% used [0x0000000080000000,0x0000000083b7d470,0x0000000085c80000)
 Metaspace       used 84432K, capacity 92726K, committed 92928K, reserved 1128448K
  class space    used 10510K, capacity 13040K, committed 13056K, reserved 1048576K
}
Event: 29.965 GC heap before
{Heap before GC invocations=17 (full 3):
 PSYoungGen      total 297472K, used 297440K [0x00000000d5580000, 0x00000000f0480000, 0x0000000100000000)
  eden space 270848K, 100% used [0x00000000d5580000,0x00000000e5e00000,0x00000000e5e00000)
  from space 26624K, 99% used [0x00000000e5e00000,0x00000000e77f8380,0x00000000e7800000)
  to   space 33280K, 0% used [0x00000000ee400000,0x00000000ee400000,0x00000000f0480000)
 ParOldGen       total 94720K, used 60917K [0x0000000080000000, 0x0000000085c80000, 0x00000000d5580000)
  object space 94720K, 64% used [0x0000000080000000,0x0000000083b7d470,0x0000000085c80000)
 Metaspace       used 84496K, capacity 92726K, committed 92928K, reserved 1128448K
  class space    used 10510K, capacity 13040K, committed 13056K, reserved 1048576K
Event: 29.976 GC heap after
Heap after GC invocations=17 (full 3):
 PSYoungGen      total 386560K, used 5659K [0x00000000d5580000, 0x00000000ef980000, 0x0000000100000000)
  eden space 364544K, 0% used [0x00000000d5580000,0x00000000d5580000,0x00000000eb980000)
  from space 22016K, 25% used [0x00000000ee400000,0x00000000ee986e20,0x00000000ef980000)
  to   space 32768K, 0% used [0x00000000eb980000,0x00000000eb980000,0x00000000ed980000)
 ParOldGen       total 94720K, used 70942K [0x0000000080000000, 0x0000000085c80000, 0x00000000d5580000)
  object space 94720K, 74% used [0x0000000080000000,0x0000000084547ab8,0x0000000085c80000)
 Metaspace       used 84496K, capacity 92726K, committed 92928K, reserved 1128448K
  class space    used 10510K, capacity 13040K, committed 13056K, reserved 1048576K
}
Event: 40.767 GC heap before
{Heap before GC invocations=18 (full 3):
 PSYoungGen      total 386560K, used 370203K [0x00000000d5580000, 0x00000000ef980000, 0x0000000100000000)
  eden space 364544K, 100% used [0x00000000d5580000,0x00000000eb980000,0x00000000eb980000)
  from space 22016K, 25% used [0x00000000ee400000,0x00000000ee986e20,0x00000000ef980000)
  to   space 32768K, 0% used [0x00000000eb980000,0x00000000eb980000,0x00000000ed980000)
 ParOldGen       total 94720K, used 70942K [0x0000000080000000, 0x0000000085c80000, 0x00000000d5580000)
  object space 94720K, 74% used [0x0000000080000000,0x0000000084547ab8,0x0000000085c80000)
 Metaspace       used 84635K, capacity 92860K, committed 92928K, reserved 1128448K
  class space    used 10512K, capacity 13041K, committed 13056K, reserved 1048576K
Event: 40.772 GC heap after
Heap after GC invocations=18 (full 3):
 PSYoungGen      total 397312K, used 2682K [0x00000000d5580000, 0x00000000f6480000, 0x0000000100000000)
  eden space 364544K, 0% used [0x00000000d5580000,0x00000000d5580000,0x00000000eb980000)
  from space 32768K, 8% used [0x00000000eb980000,0x00000000ebc1ea58,0x00000000ed980000)
  to   space 32256K, 0% used [0x00000000f4500000,0x00000000f4500000,0x00000000f6480000)
 ParOldGen       total 94720K, used 73346K [0x0000000080000000, 0x0000000085c80000, 0x00000000d5580000)
  object space 94720K, 77% used [0x0000000080000000,0x00000000847a0af8,0x0000000085c80000)
 Metaspace       used 84635K, capacity 92860K, committed 92928K, reserved 1128448K
  class space    used 10512K, capacity 13041K, committed 13056K, reserved 1048576K
}
Event: 137.947 GC heap before
{Heap before GC invocations=19 (full 3):
 PSYoungGen      total 397312K, used 367226K [0x00000000d5580000, 0x00000000f6480000, 0x0000000100000000)
  eden space 364544K, 100% used [0x00000000d5580000,0x00000000eb980000,0x00000000eb980000)
  from space 32768K, 8% used [0x00000000eb980000,0x00000000ebc1ea58,0x00000000ed980000)
  to   space 32256K, 0% used [0x00000000f4500000,0x00000000f4500000,0x00000000f6480000)
 ParOldGen       total 94720K, used 73346K [0x0000000080000000, 0x0000000085c80000, 0x00000000d5580000)
  object space 94720K, 77% used [0x0000000080000000,0x00000000847a0af8,0x0000000085c80000)
 Metaspace       used 86352K, capacity 94996K, committed 95232K, reserved 1130496K
  class space    used 10696K, capacity 13306K, committed 13312K, reserved 1048576K
Event: 137.960 GC heap after
Heap after GC invocations=19 (full 3):
 PSYoungGen      total 472576K, used 9130K [0x00000000d5580000, 0x00000000f5200000, 0x0000000100000000)
  eden space 459264K, 0% used [0x00000000d5580000,0x00000000d5580000,0x00000000f1600000)
  from space 13312K, 68% used [0x00000000f4500000,0x00000000f4deaba0,0x00000000f5200000)
  to   space 30720K, 0% used [0x00000000f1600000,0x00000000f1600000,0x00000000f3400000)
 ParOldGen       total 94720K, used 74866K [0x0000000080000000, 0x0000000085c80000, 0x00000000d5580000)
  object space 94720K, 79% used [0x0000000080000000,0x000000008491cb48,0x0000000085c80000)
 Metaspace       used 86352K, capacity 94996K, committed 95232K, reserved 1130496K
  class space    used 10696K, capacity 13306K, committed 13312K, reserved 1048576K
}

